\BOOKMARK [0][-]{chapter.1}{Introducci\363n}{}% 1
\BOOKMARK [1][-]{section.1.1}{Objetivos}{chapter.1}% 2
\BOOKMARK [1][-]{section.1.2}{Estructura del documento}{chapter.1}% 3
\BOOKMARK [0][-]{chapter.2}{An\341lisis}{}% 4
\BOOKMARK [1][-]{section.2.1}{Descripci\363n de los actores}{chapter.2}% 5
\BOOKMARK [1][-]{section.2.2}{Requisitos del sistema}{chapter.2}% 6
\BOOKMARK [2][-]{subsection.2.2.1}{Requisitos funcionales}{section.2.2}% 7
\BOOKMARK [2][-]{subsection.2.2.2}{Requisitos no funcionales}{section.2.2}% 8
\BOOKMARK [2][-]{subsection.2.2.3}{Requisitos de informaci\363n}{section.2.2}% 9
\BOOKMARK [1][-]{section.2.3}{Modelo de negocio y presupuesto}{chapter.2}% 10
\BOOKMARK [0][-]{chapter.3}{Estado del arte}{}% 11
\BOOKMARK [1][-]{section.3.1}{Soluciones actuales}{chapter.3}% 12
\BOOKMARK [1][-]{section.3.2}{Cr\355tica}{chapter.3}% 13
\BOOKMARK [0][-]{chapter.4}{Planificaci\363n}{}% 14
\BOOKMARK [1][-]{section.4.1}{Metodolog\355a de desarrollo}{chapter.4}% 15
\BOOKMARK [1][-]{section.4.2}{Temporizaci\363n}{chapter.4}% 16
\BOOKMARK [2][-]{subsection.4.2.1}{Febrero}{section.4.2}% 17
\BOOKMARK [2][-]{subsection.4.2.2}{Marzo}{section.4.2}% 18
\BOOKMARK [2][-]{subsection.4.2.3}{Abril}{section.4.2}% 19
\BOOKMARK [2][-]{subsection.4.2.4}{Mayo}{section.4.2}% 20
\BOOKMARK [2][-]{subsection.4.2.5}{Junio}{section.4.2}% 21
\BOOKMARK [0][-]{chapter.5}{Herramientas y tecnolog\355as utilizadas}{}% 22
\BOOKMARK [1][-]{section.5.1}{Arquitectura}{chapter.5}% 23
\BOOKMARK [1][-]{section.5.2}{Integraci\363n continua}{chapter.5}% 24
\BOOKMARK [1][-]{section.5.3}{Despliegue del software en contenedores}{chapter.5}% 25
\BOOKMARK [1][-]{section.5.4}{Aprovisionamiento}{chapter.5}% 26
\BOOKMARK [1][-]{section.5.5}{Base de datos}{chapter.5}% 27
\BOOKMARK [1][-]{section.5.6}{Backend}{chapter.5}% 28
\BOOKMARK [2][-]{subsection.5.6.1}{Lenguaje de programaci\363n y framework}{section.5.6}% 29
\BOOKMARK [1][-]{section.5.7}{Frontend}{chapter.5}% 30
\BOOKMARK [0][-]{chapter.6}{Soluci\363n propuesta}{}% 31
\BOOKMARK [1][-]{section.6.1}{Almacenamiento}{chapter.6}% 32
\BOOKMARK [1][-]{section.6.2}{Clientes}{chapter.6}% 33
\BOOKMARK [1][-]{section.6.3}{Usuarios}{chapter.6}% 34
\BOOKMARK [1][-]{section.6.4}{Despliegues}{chapter.6}% 35
\BOOKMARK [1][-]{section.6.5}{Aprovisionamiento}{chapter.6}% 36
\BOOKMARK [1][-]{section.6.6}{M\341quinas}{chapter.6}% 37
\BOOKMARK [1][-]{section.6.7}{Autenticaci\363n}{chapter.6}% 38
\BOOKMARK [1][-]{section.6.8}{Estado del backend y heartbeat}{chapter.6}% 39
\BOOKMARK [1][-]{section.6.9}{Variables de entorno}{chapter.6}% 40
\BOOKMARK [1][-]{section.6.10}{CLI}{chapter.6}% 41
\BOOKMARK [1][-]{section.6.11}{Frontend}{chapter.6}% 42
\BOOKMARK [0][-]{chapter.7}{Implementaci\363n}{}% 43
\BOOKMARK [1][-]{section.7.1}{Almacenamiento}{chapter.7}% 44
\BOOKMARK [2][-]{subsection.7.1.1}{MongoEngine}{section.7.1}% 45
\BOOKMARK [2][-]{subsection.7.1.2}{Item}{section.7.1}% 46
\BOOKMARK [1][-]{section.7.2}{Servicios}{chapter.7}% 47
\BOOKMARK [1][-]{section.7.3}{Clientes}{chapter.7}% 48
\BOOKMARK [1][-]{section.7.4}{Usuarios}{chapter.7}% 49
\BOOKMARK [1][-]{section.7.5}{Despliegues}{chapter.7}% 50
\BOOKMARK [1][-]{section.7.6}{Aprovisionamiento}{chapter.7}% 51
\BOOKMARK [2][-]{subsection.7.6.1}{Hosts}{section.7.6}% 52
\BOOKMARK [2][-]{subsection.7.6.2}{Playbook}{section.7.6}% 53
\BOOKMARK [1][-]{section.7.7}{M\341quinas}{chapter.7}% 54
\BOOKMARK [1][-]{section.7.8}{Autenticaci\363n}{chapter.7}% 55
\BOOKMARK [1][-]{section.7.9}{Estado del backend y heartbeat}{chapter.7}% 56
\BOOKMARK [1][-]{section.7.10}{CLI e inicializaci\363n de la base de datos}{chapter.7}% 57
\BOOKMARK [1][-]{section.7.11}{Frontend}{chapter.7}% 58
\BOOKMARK [2][-]{subsection.7.11.1}{Servicios HTTP}{section.7.11}% 59
\BOOKMARK [2][-]{subsection.7.11.2}{Guard}{section.7.11}% 60
\BOOKMARK [2][-]{subsection.7.11.3}{Variables de entorno}{section.7.11}% 61
\BOOKMARK [2][-]{subsection.7.11.4}{Interfaces}{section.7.11}% 62
\BOOKMARK [2][-]{subsection.7.11.5}{Componentes}{section.7.11}% 63
\BOOKMARK [0][-]{chapter.8}{Conclusiones y trabajos futuros}{}% 64
\BOOKMARK [0][-]{appendix.Alph1}{Especificaci\363n de endpoints}{}% 65
\BOOKMARK [1][-]{section.Alph1.1}{Status}{appendix.Alph1}% 66
\BOOKMARK [2][-]{subsection.Alph1.1.1}{GET /status}{section.Alph1.1}% 67
\BOOKMARK [1][-]{section.Alph1.2}{Heartbeat}{appendix.Alph1}% 68
\BOOKMARK [2][-]{subsection.Alph1.2.1}{GET /api/heartbeat}{section.Alph1.2}% 69
\BOOKMARK [1][-]{section.Alph1.3}{Autenticaci\363n}{appendix.Alph1}% 70
\BOOKMARK [2][-]{subsection.Alph1.3.1}{GET /login}{section.Alph1.3}% 71
\BOOKMARK [2][-]{subsection.Alph1.3.2}{POST /logout}{section.Alph1.3}% 72
\BOOKMARK [1][-]{section.Alph1.4}{Clientes}{appendix.Alph1}% 73
\BOOKMARK [2][-]{subsection.Alph1.4.1}{Cliente}{section.Alph1.4}% 74
\BOOKMARK [2][-]{subsection.Alph1.4.2}{POST /customer/query}{section.Alph1.4}% 75
\BOOKMARK [2][-]{subsection.Alph1.4.3}{POST /customer}{section.Alph1.4}% 76
\BOOKMARK [2][-]{subsection.Alph1.4.4}{PUT /customer}{section.Alph1.4}% 77
\BOOKMARK [2][-]{subsection.Alph1.4.5}{DELETE /customer}{section.Alph1.4}% 78
\BOOKMARK [1][-]{section.Alph1.5}{Usuarios}{appendix.Alph1}% 79
\BOOKMARK [2][-]{subsection.Alph1.5.1}{Usuario}{section.Alph1.5}% 80
\BOOKMARK [2][-]{subsection.Alph1.5.2}{GET /user/:username}{section.Alph1.5}% 81
\BOOKMARK [2][-]{subsection.Alph1.5.3}{POST /user/query}{section.Alph1.5}% 82
\BOOKMARK [2][-]{subsection.Alph1.5.4}{POST /user}{section.Alph1.5}% 83
\BOOKMARK [2][-]{subsection.Alph1.5.5}{PUT /user}{section.Alph1.5}% 84
\BOOKMARK [2][-]{subsection.Alph1.5.6}{DELETE /user}{section.Alph1.5}% 85
\BOOKMARK [1][-]{section.Alph1.6}{M\341quinas}{appendix.Alph1}% 86
\BOOKMARK [2][-]{subsection.Alph1.6.1}{Machine}{section.Alph1.6}% 87
\BOOKMARK [2][-]{subsection.Alph1.6.2}{GET /machine/:name}{section.Alph1.6}% 88
\BOOKMARK [2][-]{subsection.Alph1.6.3}{POST/machine/query}{section.Alph1.6}% 89
\BOOKMARK [2][-]{subsection.Alph1.6.4}{POST /machine}{section.Alph1.6}% 90
\BOOKMARK [2][-]{subsection.Alph1.6.5}{PUT /machine}{section.Alph1.6}% 91
\BOOKMARK [2][-]{subsection.Alph1.6.6}{DELETE /machine}{section.Alph1.6}% 92
\BOOKMARK [1][-]{section.Alph1.7}{Grupos de hosts}{appendix.Alph1}% 93
\BOOKMARK [2][-]{subsection.Alph1.7.1}{Hosts}{section.Alph1.7}% 94
\BOOKMARK [2][-]{subsection.Alph1.7.2}{GET /provision/hosts/:name}{section.Alph1.7}% 95
\BOOKMARK [2][-]{subsection.Alph1.7.3}{POST/provision/hosts/query}{section.Alph1.7}% 96
\BOOKMARK [2][-]{subsection.Alph1.7.4}{POST /provision/hosts}{section.Alph1.7}% 97
\BOOKMARK [2][-]{subsection.Alph1.7.5}{PUT /provision/hosts}{section.Alph1.7}% 98
\BOOKMARK [2][-]{subsection.Alph1.7.6}{DELETE /provision/hosts}{section.Alph1.7}% 99
\BOOKMARK [1][-]{section.Alph1.8}{Playbooks}{appendix.Alph1}% 100
\BOOKMARK [2][-]{subsection.Alph1.8.1}{Playbook}{section.Alph1.8}% 101
\BOOKMARK [2][-]{subsection.Alph1.8.2}{GET /provision/playbook/:name}{section.Alph1.8}% 102
\BOOKMARK [2][-]{subsection.Alph1.8.3}{POST/provision/playbook/query}{section.Alph1.8}% 103
\BOOKMARK [2][-]{subsection.Alph1.8.4}{POST /provision/playbook}{section.Alph1.8}% 104
\BOOKMARK [2][-]{subsection.Alph1.8.5}{PUT /provision/playbook}{section.Alph1.8}% 105
\BOOKMARK [2][-]{subsection.Alph1.8.6}{DELETE /provision/playbook}{section.Alph1.8}% 106
\BOOKMARK [1][-]{section.Alph1.9}{Aprovisionamiento}{appendix.Alph1}% 107
\BOOKMARK [2][-]{subsection.Alph1.9.1}{POST /provision}{section.Alph1.9}% 108
\BOOKMARK [1][-]{section.Alph1.10}{Despliegue}{appendix.Alph1}% 109
\BOOKMARK [2][-]{subsection.Alph1.10.1}{Contenedor}{section.Alph1.10}% 110
\BOOKMARK [2][-]{subsection.Alph1.10.2}{Imagen}{section.Alph1.10}% 111
\BOOKMARK [2][-]{subsection.Alph1.10.3}{Filtro de contenedores}{section.Alph1.10}% 112
\BOOKMARK [2][-]{subsection.Alph1.10.4}{Filtro de im\341genes}{section.Alph1.10}% 113
\BOOKMARK [2][-]{subsection.Alph1.10.5}{POST /deploy/container}{section.Alph1.10}% 114
\BOOKMARK [2][-]{subsection.Alph1.10.6}{POST /deploy/container/single}{section.Alph1.10}% 115
\BOOKMARK [2][-]{subsection.Alph1.10.7}{POST /deploy/image}{section.Alph1.10}% 116
\BOOKMARK [2][-]{subsection.Alph1.10.8}{POST /deploy/image/single}{section.Alph1.10}% 117
\BOOKMARK [0][-]{appendix.Alph2}{Variables de entorno}{}% 118
\BOOKMARK [1][-]{section.Alph2.1}{Backend}{appendix.Alph2}% 119
\BOOKMARK [1][-]{section.Alph2.2}{Frontend}{appendix.Alph2}% 120
\BOOKMARK [0][-]{appendix.Alph3}{Instalaci\363n del sistema}{}% 121
\BOOKMARK [1][-]{section.Alph3.1}{Backend}{appendix.Alph3}% 122
\BOOKMARK [2][-]{subsection.Alph3.1.1}{Docker}{section.Alph3.1}% 123
\BOOKMARK [1][-]{section.Alph3.2}{Frontend}{appendix.Alph3}% 124
\BOOKMARK [2][-]{subsection.Alph3.2.1}{Docker}{section.Alph3.2}% 125
\BOOKMARK [1][-]{section.Alph3.3}{Docker-compose}{appendix.Alph3}% 126
\BOOKMARK [0][-]{appendix.Alph4}{Primeros pasos y CLI}{}% 127
\BOOKMARK [1][-]{section.Alph4.1}{Inicializaci\363n de la base de datos}{appendix.Alph4}% 128
\BOOKMARK [1][-]{section.Alph4.2}{CLI}{appendix.Alph4}% 129
